2026-03-27 21:25:02.185 | INFO     | __main__:<module>:26 - =======================================================
2026-03-27 21:25:02.186 | INFO     | __main__:<module>:27 -   ETL HRDataset v14 — démarrage
2026-03-27 21:25:02.186 | INFO     | __main__:<module>:28 - =======================================================
2026-03-27 21:25:02.186 | INFO     | __main__:<module>:31 - ── ÉTAPE 1 : Extraction ──
2026-03-27 21:25:02.187 | INFO     | etl.extract:extract:21 - Lecture du fichier : data/raw/HRDataset_v14.csv
2026-03-27 21:25:02.197 | DEBUG    | etl.extract:extract:26 - Fichier lu : 311 lignes brutes
2026-03-27 21:25:02.197 | SUCCESS  | etl.extract:extract:42 - Toutes les colonnes attendues sont présentes (36)
2026-03-27 21:25:02.216 | DEBUG    | etl.extract:extract:57 - Nettoyage des chaînes terminé
2026-03-27 21:25:02.238 | DEBUG    | etl.extract:extract:73 - Conversion des dates terminée
2026-03-27 21:25:02.240 | SUCCESS  | etl.extract:extract:106 - Extraction OK — 311 lignes, 36 colonnes
2026-03-27 21:25:02.241 | INFO     | etl.extract:extract:107 -   DateofHire     : 2006-01-09 → 2018-07-09
2026-03-27 21:25:02.242 | INFO     | etl.extract:extract:108 -   Termd=1 (partis)  : 104
2026-03-27 21:25:02.242 | INFO     | etl.extract:extract:109 -   Termd=0 (actifs)  : 207
2026-03-27 21:25:02.243 | INFO     | etl.extract:extract:110 -   ManagerID nulls   : 8
2026-03-27 21:25:02.243 | INFO     | etl.extract:extract:111 -   DateofTermination nulls : 207
2026-03-27 21:25:02.244 | INFO     | __main__:<module>:35 - ── ÉTAPE 2 : Transformation des dimensions ──
2026-03-27 21:25:02.244 | INFO     | etl.dim_date:build_dim_date:15 - Génération dim_date : 1960-01-01 → 2030-12-31
2026-03-27 21:25:02.457 | SUCCESS  | etl.dim_date:build_dim_date:40 - dim_date — 25,934 lignes générées (dont sentinelle -1)
2026-03-27 21:25:02.464 | SUCCESS  | etl.transform:build_dim_employee:103 - dim_employee — 311 lignes
2026-03-27 21:25:02.469 | SUCCESS  | etl.transform:build_dim_job:150 - dim_job — 56 lignes
2026-03-27 21:25:02.474 | SUCCESS  | etl.transform:build_dim_manager:191 - dim_manager — 24 lignes (dont sentinelle -1)
2026-03-27 21:25:02.475 | SUCCESS  | etl.transform:build_dim_recruitment:218 - dim_recruitment — 9 lignes
2026-03-27 21:25:02.476 | WARNING  | etl.transform:build_dim_termination:252 - Raisons non mappées dans TERMINATION_MAP (fallback appliqué) : ['Fatal attraction', 'Learned that he is a gangster']
2026-03-27 21:25:02.477 | SUCCESS  | etl.transform:build_dim_termination:260 - dim_termination — 18 lignes
2026-03-27 21:25:02.477 | INFO     | __main__:<module>:45 - ── ÉTAPE 3 : Construction de la table de faits ──
2026-03-27 21:25:02.479 | INFO     | etl.transform:build_fact:296 - Snapshot date utilisée pour les calculs : 2026-03-27
2026-03-27 21:25:02.482 | DEBUG    | etl.transform:build_fact:308 - Mesures calculées (attrition_flag, tenure_days, days_since_last_review)
2026-03-27 21:25:02.489 | DEBUG    | etl.transform:build_fact:321 - Clés dates générées
2026-03-27 21:25:02.509 | DEBUG    | etl.transform:build_fact:376 - Jointures avec toutes les dimensions effectuées
2026-03-27 21:25:02.510 | SUCCESS  | etl.transform:build_fact:394 - Toutes les FK sont résolues — aucun null détecté
2026-03-27 21:25:02.513 | SUCCESS  | etl.transform:build_fact:434 - fact_employee_attrition — 311 lignes
2026-03-27 21:25:02.513 | INFO     | etl.transform:build_fact:435 -   Attrition flag=1  : 104
2026-03-27 21:25:02.514 | INFO     | etl.transform:build_fact:436 -   Actifs flag=0     : 207
2026-03-27 21:25:02.515 | INFO     | etl.transform:build_fact:437 -   Tenure moyen (partis) : 1264 jours
2026-03-27 21:25:02.515 | INFO     | etl.transform:build_fact:439 -   Salaire moyen     : 69,021 $/an
2026-03-27 21:25:02.516 | INFO     | __main__:<module>:53 - ── ÉTAPE 4 : Chargement PostgreSQL ──
2026-03-27 21:25:02.623 | INFO     | etl.load:load_all:33 - Nettoyage des tables (TRUNCATE CASCADE)...
2026-03-27 21:25:02.697 | INFO     | etl.load:load_all:40 - Chargement des tables...
2026-03-27 21:25:04.193 | SUCCESS  | etl.load:load_all:57 -   dim_date                              25934 lignes (1.50s)
2026-03-27 21:25:04.200 | SUCCESS  | etl.load:load_all:57 -   dim_recruitment                           9 lignes (0.01s)
2026-03-27 21:25:04.206 | SUCCESS  | etl.load:load_all:57 -   dim_termination                          18 lignes (0.01s)
2026-03-27 21:25:04.213 | SUCCESS  | etl.load:load_all:57 -   dim_manager                              24 lignes (0.01s)
2026-03-27 21:25:04.219 | SUCCESS  | etl.load:load_all:57 -   dim_performance                           4 lignes (0.01s)
2026-03-27 21:25:04.230 | SUCCESS  | etl.load:load_all:57 -   dim_job                                  56 lignes (0.01s)
2026-03-27 21:25:04.263 | SUCCESS  | etl.load:load_all:57 -   dim_employee                            311 lignes (0.03s)
2026-03-27 21:25:04.325 | SUCCESS  | etl.load:load_all:57 -   fact_employee_attrition                 311 lignes (0.06s)
2026-03-27 21:25:04.347 | SUCCESS  | etl.load:load_all:60 - Chargement terminé en 1.78 secondes.
2026-03-27 21:25:04.347 | INFO     | etl.load:load_all:69 - Connexion fermée.
2026-03-27 21:25:04.347 | INFO     | __main__:<module>:67 - ── ÉTAPE 5 : Vérification et qualité des données ──
2026-03-27 21:25:04.406 | INFO     | etl.load:verify:131 - 
──────────────────────────────────────────────────
Vue d'ensemble
 total_employes  nb_departs  taux_attrition_pct  salaire_moyen  engagement_moyen  absences_moyennes
            311         104                33.4        69021.0              4.11               10.2
2026-03-27 21:25:04.412 | INFO     | etl.load:verify:131 - 
──────────────────────────────────────────────────
Attrition par département
          department  total  departs  taux_pct
          Production    209       83      39.7
Software Engineering     11        4      36.4
       Admin Offices      9        2      22.2
               IT/IS     50       10      20.0
               Sales     31        5      16.1
    Executive Office      1        0       0.0
2026-03-27 21:25:04.416 | INFO     | etl.load:verify:131 - 
──────────────────────────────────────────────────
Départs par année
 year  nb_departs
 2010           1
 2011           3
 2012           8
 2013          13
 2014          13
 2015          23
 2016          22
 2017           8
 2018          13
2026-03-27 21:25:04.422 | INFO     | etl.load:verify:131 - 
──────────────────────────────────────────────────
Attrition par source recrutement
     recruitment_source source_category  total  departs  taux_pct
On-line Web application         Digital      1        1     100.0
          Google Search         Digital     49       30      61.2
     Diversity Job Fair           Event     29       16      55.2
                  Other          Direct      2        1      50.0
          CareerBuilder         Digital     23       11      47.8
                 Indeed         Digital     87       21      24.1
               LinkedIn         Digital     76       18      23.7
      Employee Referral        Referral     31        5      16.1
                Website         Digital     13        1       7.7
2026-03-27 21:25:04.424 | INFO     | etl.load:verify:131 - 
──────────────────────────────────────────────────
Role-playing dim_date — intégrité
 hire_nulls  depart_nulls  review_nulls
          0           207             0
2026-03-27 21:25:04.425 | INFO     | etl.quality:run_all_quality_checks:70 - Début des contrôles de qualité post‑chargement
2026-03-27 21:25:04.429 | INFO     | etl.quality:check_row_count:27 - dim_date: 25934 lignes
2026-03-27 21:25:04.432 | INFO     | etl.quality:check_row_count:27 - dim_employee: 311 lignes
2026-03-27 21:25:04.433 | INFO     | etl.quality:check_row_count:27 - dim_job: 56 lignes
2026-03-27 21:25:04.435 | INFO     | etl.quality:check_row_count:27 - dim_manager: 24 lignes
2026-03-27 21:25:04.436 | INFO     | etl.quality:check_row_count:27 - dim_recruitment: 9 lignes
2026-03-27 21:25:04.438 | INFO     | etl.quality:check_row_count:27 - dim_termination: 18 lignes
2026-03-27 21:25:04.440 | INFO     | etl.quality:check_row_count:27 - dim_performance: 4 lignes
2026-03-27 21:25:04.441 | INFO     | etl.quality:check_row_count:27 - fact_employee_attrition: 311 lignes
2026-03-27 21:25:04.481 | SUCCESS  | etl.quality:run_all_quality_checks:111 - Tous les contrôles de qualité sont passés avec succès
2026-03-27 21:25:04.482 | INFO     | __main__:<module>:73 - =======================================================
2026-03-27 21:25:04.482 | INFO     | __main__:<module>:74 -   ETL TERMINÉ AVEC SUCCÈS
2026-03-27 21:25:04.483 | INFO     | __main__:<module>:75 - =======================================================
