2026-03-27 20:45:08.878 | INFO     | __main__:<module>:67 - =======================================================
2026-03-27 20:45:08.879 | INFO     | __main__:<module>:68 -   Data Warehouse Migration
2026-03-27 20:45:08.880 | INFO     | __main__:<module>:69 - =======================================================
2026-03-27 20:45:08.979 | INFO     | __main__:run_migrations:34 - Running migration: 001_create_schema.sql
2026-03-27 20:45:09.110 | DEBUG    | __main__:run_migrations:45 -   ✓ Executed: -- Migration: Create Data Warehouse Schema
-- Date: 2026-03-...
2026-03-27 20:45:09.123 | DEBUG    | __main__:run_migrations:45 -   ✓ Executed: -- dim_recruitment: Recruitment source dimension
CREATE TABL...
2026-03-27 20:45:09.128 | DEBUG    | __main__:run_migrations:45 -   ✓ Executed: -- dim_termination: Termination reason dimension
CREATE TABL...
2026-03-27 20:45:09.132 | DEBUG    | __main__:run_migrations:45 -   ✓ Executed: -- dim_manager: Manager dimension with sentinel row (-1) for...
2026-03-27 20:45:09.137 | DEBUG    | __main__:run_migrations:45 -   ✓ Executed: -- dim_performance: Performance score dimension (static refe...
2026-03-27 20:45:09.143 | DEBUG    | __main__:run_migrations:45 -   ✓ Executed: -- dim_job: Job/Position dimension
CREATE TABLE IF NOT EXIST...
2026-03-27 20:45:09.151 | DEBUG    | __main__:run_migrations:45 -   ✓ Executed: -- dim_employee: Employee dimension
CREATE TABLE IF NOT EXIS...
2026-03-27 20:45:09.161 | DEBUG    | __main__:run_migrations:45 -   ✓ Executed: -- =========================================================...
2026-03-27 20:45:09.164 | DEBUG    | __main__:run_migrations:45 -   ✓ Executed: -- =========================================================...
2026-03-27 20:45:09.166 | DEBUG    | __main__:run_migrations:45 -   ✓ Executed: CREATE INDEX idx_fact_job_key ON fact_employee_attrition(job...
2026-03-27 20:45:09.168 | DEBUG    | __main__:run_migrations:45 -   ✓ Executed: CREATE INDEX idx_fact_manager_key ON fact_employee_attrition...
2026-03-27 20:45:09.170 | DEBUG    | __main__:run_migrations:45 -   ✓ Executed: CREATE INDEX idx_fact_attrition_flag ON fact_employee_attrit...
2026-03-27 20:45:09.173 | DEBUG    | __main__:run_migrations:45 -   ✓ Executed: CREATE INDEX idx_fact_hire_date ON fact_employee_attrition(h...
2026-03-27 20:45:09.173 | SUCCESS  | __main__:run_migrations:50 -   Migration 001_create_schema.sql completed
2026-03-27 20:45:09.175 | SUCCESS  | __main__:run_migrations:52 - All migrations completed successfully!
